<<<<<<< HEAD
At	time	2	process	1	started		arr	2	total	2	remain	2	wait	0
At	time	4	process	1	finished	arr	2	total	2	remain	0	wait	0	TA	2	WTA	1.00
At	time	4	process	2	started		arr	2	total	5	remain	5	wait	2
At	time	4	process	2	stopped		arr	2	total	5	remain	5	wait	2
At	time	4	process	4	started		arr	4	total	2	remain	2	wait	0
At	time	6	process	4	finished	arr	4	total	2	remain	0	wait	0	TA	2	WTA	1.00
At	time	6	process	6	started		arr	5	total	2	remain	2	wait	1
At	time	8	process	6	finished	arr	5	total	2	remain	0	wait	1	TA	3	WTA	1.50
At	time	8	process	2	resumed		arr	2	total	5	remain	5	wait	8
At	time	13	process	2	finished	arr	2	total	5	remain	0	wait	8	TA	11	WTA	2.20
At	time	13	process	5	started		arr	5	total	6	remain	6	wait	8
At	time	19	process	5	finished	arr	5	total	6	remain	0	wait	8	TA	14	WTA	2.33
At	time	19	process	3	started		arr	3	total	7	remain	7	wait	16
At	time	26	process	3	finished	arr	3	total	7	remain	0	wait	16	TA	23	WTA	3.29
=======
At	time	2	process	1	started		arr	2	total	3	remain	3	wait	0
At	time	5	process	1	finished	arr	2	total	3	remain	0	wait	0	TA	3	WTA	1.00
At	time	5	process	2	started		arr	3	total	2	remain	2	wait	2
At	time	7	process	2	finished	arr	3	total	2	remain	0	wait	2	TA	4	WTA	2.00
At	time	7	process	3	started		arr	3	total	2	remain	2	wait	4
At	time	9	process	3	finished	arr	3	total	2	remain	0	wait	4	TA	6	WTA	3.00
>>>>>>> 5aad59ee5adafedcd1820932e0022a14e8cf593d
